C51 COMPILER V9.52.0.0   CRC16                                                             05/24/2019 08:47:50 PAGE 1   


C51 COMPILER V9.52.0.0, COMPILATION OF MODULE CRC16
OBJECT MODULE PLACED IN .\Objects\CRC16.obj
COMPILER INVOKED BY: D:\c51v952\C51\BIN\C51.EXE CRC16.c BROWSE DEBUG OBJECTEXTEND PRINT(.\Listings\CRC16.lst) OBJECT(.\O
                    -bjects\CRC16.obj)

line level    source

   1          #include "CRC16.h"
   2          
   3          
   4          uchar code auchCRC16Hi[256] = {
   5          0x00, 0x10, 0x20, 0x30, 0x40, 0x50, 0x60, 0x70,
   6          0x81, 0x91, 0xa1, 0xb1, 0xc1, 0xd1, 0xe1, 0xf1,
   7          0x12, 0x02, 0x32, 0x22, 0x52, 0x42, 0x72, 0x62,
   8          0x93, 0x83, 0xb3, 0xa3, 0xd3, 0xc3, 0xf3, 0xe3,
   9          0x24, 0x34, 0x04, 0x14, 0x64, 0x74, 0x44, 0x54,
  10          0xa5, 0xb5, 0x85, 0x95, 0xe5, 0xf5, 0xc5, 0xd5,
  11          0x36, 0x26, 0x16, 0x06, 0x76, 0x66, 0x56, 0x46,
  12          0xb7, 0xa7, 0x97, 0x87, 0xf7, 0xe7, 0xd7, 0xc7,
  13          0x48, 0x58, 0x68, 0x78, 0x08, 0x18, 0x28, 0x38,
  14          0xc9, 0xd9, 0xe9, 0xf9, 0x89, 0x99, 0xa9, 0xb9,
  15          0x5a, 0x4a, 0x7a, 0x6a, 0x1a, 0x0a, 0x3a, 0x2a,
  16          0xdb, 0xcb, 0xfb, 0xeb, 0x9b, 0x8b, 0xbb, 0xab,
  17          0x6c, 0x7c, 0x4c, 0x5c, 0x2c, 0x3c, 0x0c, 0x1c,
  18          0xed, 0xfd, 0xcd, 0xdd, 0xad, 0xbd, 0x8d, 0x9d,
  19          0x7e, 0x6e, 0x5e, 0x4e, 0x3e, 0x2e, 0x1e, 0x0e,
  20          0xff, 0xef, 0xdf, 0xcf, 0xbf, 0xaf, 0x9f, 0x8f,
  21          0x91, 0x81, 0xb1, 0xa1, 0xd1, 0xc1, 0xf1, 0xe1,
  22          0x10, 0x00, 0x30, 0x20, 0x50, 0x40, 0x70, 0x60,
  23          0x83, 0x93, 0xa3, 0xb3, 0xc3, 0xd3, 0xe3, 0xf3,
  24          0x02, 0x12, 0x22, 0x32, 0x42, 0x52, 0x62, 0x72,
  25          0xb5, 0xa5, 0x95, 0x85, 0xf5, 0xe5, 0xd5, 0xc5,
  26          0x34, 0x24, 0x14, 0x04, 0x74, 0x64, 0x54, 0x44,
  27          0xa7, 0xb7, 0x87, 0x97, 0xe7, 0xf7, 0xc7, 0xd7,
  28          0x26, 0x36, 0x06, 0x16, 0x66, 0x76, 0x46, 0x56,
  29          0xd9, 0xc9, 0xf9, 0xe9, 0x99, 0x89, 0xb9, 0xa9,
  30          0x58, 0x48, 0x78, 0x68, 0x18, 0x08, 0x38, 0x28,
  31          0xcb, 0xdb, 0xeb, 0xfb, 0x8b, 0x9b, 0xab, 0xbb,
  32          0x4a, 0x5a, 0x6a, 0x7a, 0x0a, 0x1a, 0x2a, 0x3a,
  33          0xfd, 0xed, 0xdd, 0xcd, 0xbd, 0xad, 0x9d, 0x8d,
  34          0x7c, 0x6c, 0x5c, 0x4c, 0x3c, 0x2c, 0x1c, 0x0c,
  35          0xef, 0xff, 0xcf, 0xdf, 0xaf, 0xbf, 0x8f, 0x9f,
  36          0x6e, 0x7e, 0x4e, 0x5e, 0x2e, 0x3e, 0x0e, 0x1e
  37          };
  38          
  39          
  40          uchar code auchCRC16Lo[256] = {
  41          0x00, 0x21, 0x42, 0x63, 0x84, 0xa5, 0xc6, 0xe7,
  42          0x08, 0x29, 0x4a, 0x6b, 0x8c, 0xad, 0xce, 0xef,
  43          0x31, 0x10, 0x73, 0x52, 0xb5, 0x94, 0xf7, 0xd6,
  44          0x39, 0x18, 0x7b, 0x5a, 0xbd, 0x9c, 0xff, 0xde,
  45          0x62, 0x43, 0x20, 0x01, 0xe6, 0xc7, 0xa4, 0x85,
  46          0x6a, 0x4b, 0x28, 0x09, 0xee, 0xcf, 0xac, 0x8d,
  47          0x53, 0x72, 0x11, 0x30, 0xd7, 0xf6, 0x95, 0xb4,
  48          0x5b, 0x7a, 0x19, 0x38, 0xdf, 0xfe, 0x9d, 0xbc,
  49          0xc4, 0xe5, 0x86, 0xa7, 0x40, 0x61, 0x02, 0x23,
  50          0xcc, 0xed, 0x8e, 0xaf, 0x48, 0x69, 0x0a, 0x2b,
  51          0xf5, 0xd4, 0xb7, 0x96, 0x71, 0x50, 0x33, 0x12,
  52          0xfd, 0xdc, 0xbf, 0x9e, 0x79, 0x58, 0x3b, 0x1a,
  53          0xa6, 0x87, 0xe4, 0xc5, 0x22, 0x03, 0x60, 0x41,
  54          0xae, 0x8f, 0xec, 0xcd, 0x2a, 0x0b, 0x68, 0x49,
C51 COMPILER V9.52.0.0   CRC16                                                             05/24/2019 08:47:50 PAGE 2   

  55          0x97, 0xb6, 0xd5, 0xf4, 0x13, 0x32, 0x51, 0x70,
  56          0x9f, 0xbe, 0xdd, 0xfc, 0x1b, 0x3a, 0x59, 0x78,
  57          0x88, 0xa9, 0xca, 0xeb, 0x0c, 0x2d, 0x4e, 0x6f,
  58          0x80, 0xa1, 0xc2, 0xe3, 0x04, 0x25, 0x46, 0x67,
  59          0xb9, 0x98, 0xfb, 0xda, 0x3d, 0x1c, 0x7f, 0x5e,
  60          0xb1, 0x90, 0xf3, 0xd2, 0x35, 0x14, 0x77, 0x56,
  61          0xea, 0xcb, 0xa8, 0x89, 0x6e, 0x4f, 0x2c, 0x0d,
  62          0xe2, 0xc3, 0xa0, 0x81, 0x66, 0x47, 0x24, 0x05,
  63          0xdb, 0xfa, 0x99, 0xb8, 0x5f, 0x7e, 0x1d, 0x3c,
  64          0xd3, 0xf2, 0x91, 0xb0, 0x57, 0x76, 0x15, 0x34,
  65          0x4c, 0x6d, 0x0e, 0x2f, 0xc8, 0xe9, 0x8a, 0xab,
  66          0x44, 0x65, 0x06, 0x27, 0xc0, 0xe1, 0x82, 0xa3,
  67          0x7d, 0x5c, 0x3f, 0x1e, 0xf9, 0xd8, 0xbb, 0x9a,
  68          0x75, 0x54, 0x37, 0x16, 0xf1, 0xd0, 0xb3, 0x92,
  69          0x2e, 0x0f, 0x6c, 0x4d, 0xaa, 0x8b, 0xe8, 0xc9,
  70          0x26, 0x07, 0x64, 0x45, 0xa2, 0x83, 0xe0, 0xc1,
  71          0x1f, 0x3e, 0x5d, 0x7c, 0x9b, 0xba, 0xd9, 0xf8,
  72          0x17, 0x36, 0x55, 0x74, 0x93, 0xb2, 0xd1, 0xf0
  73          };
  74          
  75          
  76          //check CRC16 
  77          //x^16 + x^12 + x^5 + 1
  78          
  79          unsigned short CRC16(uchar *pData, uchar nData) {
  80   1              uchar nCRCHi = 0xFF;
  81   1              uchar nCRCLo = 0xFF;
  82   1              uchar nIndex ;
  83   1              while(nData--) {
  84   2              nIndex = nCRCHi ^ *pData++;
  85   2              nCRCHi = nCRCLo ^ auchCRC16Hi[nIndex];
  86   2              nCRCLo = auchCRC16Lo[nIndex];
  87   2              }
  88   1              return (nCRCHi << 8 | nCRCLo) ;
  89   1      }
  90          


MODULE INFORMATION:   STATIC OVERLAYABLE
   CODE SIZE        =     57    ----
   CONSTANT SIZE    =    512    ----
   XDATA SIZE       =   ----    ----
   PDATA SIZE       =   ----    ----
   DATA SIZE        =   ----       4
   IDATA SIZE       =   ----    ----
   BIT SIZE         =   ----    ----
END OF MODULE INFORMATION.


C51 COMPILATION COMPLETE.  0 WARNING(S),  0 ERROR(S)
