C51 COMPILER V9.52.0.0   DHT11                                                             05/24/2019 08:47:49 PAGE 1   


C51 COMPILER V9.52.0.0, COMPILATION OF MODULE DHT11
OBJECT MODULE PLACED IN .\Objects\DHT11.obj
COMPILER INVOKED BY: D:\c51v952\C51\BIN\C51.EXE DHT11.c BROWSE DEBUG OBJECTEXTEND PRINT(.\Listings\DHT11.lst) OBJECT(.\O
                    -bjects\DHT11.obj)

line level    source

   1          #include <reg51.h>
   2          #include <stdio.h>
   3          #include <intrins.h>
   4          
   5          #include "DHT11.h"
   6          
   7          typedef unsigned char BYTE;
   8          typedef unsigned int WORD;
   9          #define uint unsigned int 
  10          #define uchar unsigned char 
  11                  
  12          sbit io = P1^0;
  13          unsigned char data_byte; 
  14          unsigned char RH,RL,TH,TL; 
  15          
  16          typedef bit BOOL;
  17          
  18          void delay_ms(uchar ms) //延时模块// 
  19          { 
  20   1              uchar i; 
  21   1              while(ms--)                        
  22   1                      for(i=0;i<100;i++); 
  23   1      } 
  24          
  25          
  26          void delay1()//一个for循环大概需要8个多机器周期Ｒ桓龌器周期为1us【д裎12MHzＲ簿褪撬当竞数延时8us多
             -〈搜邮焙数必须德稍微精确一点 
  27          { 
  28   1              uchar i; 
  29   1              for(i=0;i<1;i++); 
  30   1      } 
  31          
  32          
  33          void start()//开始信号 
  34          { 
  35   1              io=1; 
  36   1              delay1(); 
  37   1              io=0; 
  38   1              delay_ms(25);// 主机把总线拉低必须大于18ms１ＶDHT11能检测到起始信号 
  39   1              io=1;    //发送开始信号结束后＠高电平延时20-40us 
  40   1              delay1();//以下三个延时函数差不多为24us７合要求 
  41   1              delay1(); 
  42   1              delay1(); 
  43   1      } 
  44          
  45           
  46          uchar receive_byte()//接收一个字节// 
  47          { 
  48   1              uchar i,temp; 
  49   1              for(i=0;i<8;i++)//接收8bit的数据 
  50   1              { 
  51   2                      while(!io);//等待50us的低电平开始信号结束 
  52   2                      delay1();//开始信号结束之后Ｑ邮26us-28us∫韵氯个延时函数 
  53   2                      delay1(); 
C51 COMPILER V9.52.0.0   DHT11                                                             05/24/2019 08:47:49 PAGE 2   

  54   2                      delay1(); 
  55   2                      temp=0;//时间为26us-28us１硎窘邮盏奈数据'0' 
  56   2                        
  57   2                      if(io==1) 
  58   2                              temp=1; //如果26us-28us之后；刮高电平Ｔ虮硎窘邮盏氖据为'1' 
  59   2      
  60   2                      while(io);//等待数据信号高电平'0'为26us-28us'1'为70us 
  61   2                              data_byte<<=1;//接收的数据为高位在前∮乙篇 
  62   2                       data_byte|=temp; 
  63   2              }
  64   1              return data_byte; 
  65   1      } 
  66          
  67              
  68          
  69          void receive()//接收数据// 
  70          { 
  71   1              uchar T_H,T_L,R_H,R_L,check,num_check,i; 
  72   1              start();//开始信号// 
  73   1              io=1;   //主机设为输入Ｅ卸洗踊DHT11⑾煊π藕 
  74   1              if(!io)//判断从机是否有低电平响应信号// 
  75   1              {  
  76   2                      while(!io);//判断从机发出 80us 的低电平响应信号是否结束// 
  77   2                      while(io);//判断从机发出 80us 的高电平是否结束Ｈ缃崾则主机进入数据接收状态 
  78   2                      R_H=receive_byte();//湿度高位 
  79   2                      R_L=receive_byte();//湿度低位 
  80   2                      T_H=receive_byte();//温度高位 
  81   2                      T_L=receive_byte();//温度低位 
  82   2                      check=receive_byte();//校验位 
  83   2                      io=0; //当最后一bit数据接完毕后４踊拉低电平50us// 
  84   2                      for(i=0;i<7;i++)//差不多50us的延时 
  85   2                              delay1(); 
  86   2                      io=1;//总线由上拉电阻拉高＝入空闲状态 
  87   2                      num_check=R_H+R_L+T_H+T_L; 
  88   2                      if(num_check==check)//判断读到的四个数据之和是否与校验位相同 
  89   2                      { 
  90   3                              RH=R_H; 
  91   3                              RL=R_L; 
  92   3                              TH=T_H; 
  93   3                              TL=T_L; 
  94   3                              check=num_check; 
  95   3                      } 
  96   2              }        
  97   1      } 
  98          


MODULE INFORMATION:   STATIC OVERLAYABLE
   CODE SIZE        =    152    ----
   CONSTANT SIZE    =   ----    ----
   XDATA SIZE       =   ----    ----
   PDATA SIZE       =   ----    ----
   DATA SIZE        =      5    ----
   IDATA SIZE       =   ----    ----
   BIT SIZE         =   ----    ----
END OF MODULE INFORMATION.


C51 COMPILATION COMPLETE.  0 WARNING(S),  0 ERROR(S)
