C51 COMPILER V9.52.0.0   MAIN                                                              05/24/2019 08:47:49 PAGE 1   


C51 COMPILER V9.52.0.0, COMPILATION OF MODULE MAIN
OBJECT MODULE PLACED IN .\Objects\main.obj
COMPILER INVOKED BY: D:\c51v952\C51\BIN\C51.EXE main.c BROWSE DEBUG OBJECTEXTEND PRINT(.\Listings\main.lst) OBJECT(.\Obj
                    -ects\main.obj)

line level    source

   1          #include <reg51.h>
   2          #include <stdio.h>
   3          
   4          #include "DHT11.h"
   5          #include "Timer.h"
   6          #include "DS18B20.h"
   7          #include "CRC16.h"
   8          
   9          #define uchar unsigned char
  10          
  11          //                               0xCC   't'    t_value    'h'     h_value   CRC1  CRC2   0xAA
  12          uchar temp[8] = {0xCC,  0x74,    00,      0x68,     00,      00,   00,   0xAA};
  13          
  14          void main()
  15          {
  16   1              unsigned short crc16 = 0;
  17   1              UART_init();
  18   1              Timer0_init();
  19   1              delay(1000);
  20   1              while(1)
  21   1              {
  22   2                      if (recvCmdFlag) {
  23   3                              sampleType = Parse_Cmd(recvCmd);
  24   3                      }
  25   2                      
  26   2                      if (Sys300ms_flag){
  27   3                              Sys300ms_flag = 0;
  28   3                              ReadTemperature();
  29   3                              receive();
  30   3                              
  31   3                      if (recvCmdFlag) {
  32   4                              if(sampleType == CMD_ERROR ) {
  33   5      //                              UART_Send_String("CMD ERROR\r\n");
  34   5                              }
  35   4                              else if (sampleType == CMD_READ_STOP){
  36   5                                      temp[1] = 0x00;
  37   5                                      temp[3] = 0x00;
  38   5      //                              UART_Send_String("CMD STOP\r\n");
  39   5                                      recvCmdFlag = 0;
  40   5                              }
  41   4                              else if(sampleType == CMD_READ_TEMP || sampleType == CMD_READ_HUMI || sampleType == CMD_READ_TEMP_HUMI)
             - {
  42   5      //                              UART_Send_String("CMD CORRECT\r\n");
  43   5                                      if (sampleType == CMD_READ_TEMP) {
  44   6                                              temp[1] = 0x01;
  45   6                                              temp[2] = sdata;
  46   6                                              temp[3] = 0x00;
  47   6                                              temp[4] = 0;
  48   6                                      } 
  49   5                                      else if (sampleType == CMD_READ_HUMI) {
  50   6                                              temp[1] = 0x00;
  51   6                                              temp[2] = 0;
  52   6                                              temp[3] = 0x01;
  53   6                                              temp[4] = RH;
C51 COMPILER V9.52.0.0   MAIN                                                              05/24/2019 08:47:49 PAGE 2   

  54   6                                      }
  55   5                                      else {                                                                          // sampleType == CMD_READ_TEMP_HUMI
  56   6                                              temp[1] = 0x01;
  57   6                                              temp[2] = sdata;
  58   6                                              temp[3] = 0x01;
  59   6                                              temp[4] = RH;
  60   6      
  61   6                                      }
  62   5                                      crc16 = CRC16(temp, sizeof(temp)/sizeof(uchar) - 3);
  63   5                                      temp[5] = (uchar)((crc16 & 0xff00) >> 8);
  64   5                                      temp[6] = (uchar)(crc16 & 0x00ff);
  65   5                                      UART_Send_BytesArray(temp, sizeof(temp)/sizeof(uchar)); 
  66   5                              }
  67   4                      }                       
  68   3                      delay(1000);    
  69   3                      }                       
  70   2              }
  71   1      }


MODULE INFORMATION:   STATIC OVERLAYABLE
   CODE SIZE        =    165    ----
   CONSTANT SIZE    =   ----    ----
   XDATA SIZE       =   ----    ----
   PDATA SIZE       =   ----    ----
   DATA SIZE        =      8       2
   IDATA SIZE       =   ----    ----
   BIT SIZE         =   ----    ----
END OF MODULE INFORMATION.


C51 COMPILATION COMPLETE.  0 WARNING(S),  0 ERROR(S)
