Change Component Designator: OldDesignator= NewDesignator=C1
Change Component Designator: OldDesignator= NewDesignator=C2
Change Component Designator: OldDesignator= NewDesignator=D1
Change Component Designator: OldDesignator= NewDesignator=J3
Change Component Designator: OldDesignator= NewDesignator=J4
Change Component Designator: OldDesignator= NewDesignator=S1
Change Component Designator: OldDesignator= NewDesignator=S2
Change Component Designator: OldDesignator= NewDesignator=U1
Change Component Designator: OldDesignator=10K NewDesignator=R2
Change Component Designator: OldDesignator=FC-09 NewDesignator=C3
Change Component Designator: OldDesignator=GND NewDesignator=J1
Change Component Designator: OldDesignator=VCC NewDesignator=J2
Added Pin To Net: NetName=NetJ4_11 Pin=J4-11
Added Pin To Net: NetName=NetJ4_11 Pin=U1-30
Added Net: Name=NetJ4_11
Added Pin To Net: NetName=NetJ4_12 Pin=J4-12
Added Pin To Net: NetName=NetJ4_12 Pin=U1-29
Added Net: Name=NetJ4_12
Added Member To Class: ClassName=51MCU最小系统 Member=Component C1 22pf
Added Member To Class: ClassName=51MCU最小系统 Member=Component C2 22pf
Added Member To Class: ClassName=51MCU最小系统 Member=Component J3 Header 20
Added Member To Class: ClassName=51MCU最小系统 Member=Component J4 Header 20
Added Member To Class: ClassName=51MCU最小系统 Member=Component R2 10K
Added Member To Class: ClassName=51MCU最小系统 Member=Component S1 KEY-6
Added Member To Class: ClassName=51MCU最小系统 Member=Component S2 DC-005
Added Member To Class: ClassName=51MCU最小系统 Member=Component U1 STC89C52
Added Room: Name=51MCU最小系统
